vlc.exe
vlc-cache-gen.exe
axvlc.dll
libvlc.dll
libvlccore.dll
npvlc.dll
AUTHORS.txt
COPYING.txt
NEWS.txt
README.txt
THANKS.txt
plugins\access\libaccess_concat_plugin.dll
plugins\access\libaccess_imem_plugin.dll
plugins\access\libaccess_mms_plugin.dll
plugins\access\libaccess_realrtsp_plugin.dll
plugins\access\libaccess_srt_plugin.dll
plugins\access\libaccess_wasapi_plugin.dll
plugins\access\libattachment_plugin.dll
plugins\access\libbluray-awt-j2se-1.1.2.jar
plugins\access\libbluray-j2se-1.1.2.jar
plugins\access\libcdda_plugin.dll
plugins\access\libdcp_plugin.dll
plugins\access\libdshow_plugin.dll
plugins\access\libdtv_plugin.dll
plugins\access\libdvdnav_plugin.dll
plugins\access\libdvdread_plugin.dll
plugins\access\libfilesystem_plugin.dll
plugins\access\libftp_plugin.dll
plugins\access\libhttps_plugin.dll
plugins\access\libhttp_plugin.dll
plugins\access\libidummy_plugin.dll
plugins\access\libimem_plugin.dll
plugins\access\liblibbluray_plugin.dll
plugins\access\liblive555_plugin.dll
plugins\access\libnfs_plugin.dll
plugins\access\librtp_plugin.dll
plugins\access\libsatip_plugin.dll
plugins\access\libscreen_plugin.dll
plugins\access\libsdp_plugin.dll
plugins\access\libsftp_plugin.dll
plugins\access\libshm_plugin.dll
plugins\access\libsmb_plugin.dll
plugins\access\libtcp_plugin.dll
plugins\access\libtimecode_plugin.dll
plugins\access\libudp_plugin.dll
plugins\access\libvcd_plugin.dll
plugins\access\libvdr_plugin.dll
plugins\access\libvnc_plugin.dll
plugins\access_output\libaccess_output_dummy_plugin.dll
plugins\access_output\libaccess_output_file_plugin.dll
plugins\access_output\libaccess_output_http_plugin.dll
plugins\access_output\libaccess_output_livehttp_plugin.dll
plugins\access_output\libaccess_output_shout_plugin.dll
plugins\access_output\libaccess_output_srt_plugin.dll
plugins\access_output\libaccess_output_udp_plugin.dll
plugins\audio_filter\libaudiobargraph_a_plugin.dll
plugins\audio_filter\libaudio_format_plugin.dll
plugins\audio_filter\libchorus_flanger_plugin.dll
plugins\audio_filter\libcompressor_plugin.dll
plugins\audio_filter\libdolby_surround_decoder_plugin.dll
plugins\audio_filter\libequalizer_plugin.dll
plugins\audio_filter\libgain_plugin.dll
plugins\audio_filter\libheadphone_channel_mixer_plugin.dll
plugins\audio_filter\libkaraoke_plugin.dll
plugins\audio_filter\libmad_plugin.dll
plugins\audio_filter\libmono_plugin.dll
plugins\audio_filter\libnormvol_plugin.dll
plugins\audio_filter\libparam_eq_plugin.dll
plugins\audio_filter\libremap_plugin.dll
plugins\audio_filter\libsamplerate_plugin.dll
plugins\audio_filter\libscaletempo_pitch_plugin.dll
plugins\audio_filter\libscaletempo_plugin.dll
plugins\audio_filter\libsimple_channel_mixer_plugin.dll
plugins\audio_filter\libspatialaudio_plugin.dll
plugins\audio_filter\libspatializer_plugin.dll
plugins\audio_filter\libspeex_resampler_plugin.dll
plugins\audio_filter\libstereo_widen_plugin.dll
plugins\audio_filter\libtospdif_plugin.dll
plugins\audio_filter\libtrivial_channel_mixer_plugin.dll
plugins\audio_filter\libugly_resampler_plugin.dll
plugins\audio_mixer\libfloat_mixer_plugin.dll
plugins\audio_mixer\libinteger_mixer_plugin.dll
plugins\audio_output\libadummy_plugin.dll
plugins\audio_output\libafile_plugin.dll
plugins\audio_output\libamem_plugin.dll
plugins\audio_output\libdirectsound_plugin.dll
plugins\audio_output\libmmdevice_plugin.dll
plugins\audio_output\libwasapi_plugin.dll
plugins\audio_output\libwaveout_plugin.dll
plugins\codec\liba52_plugin.dll
plugins\codec\libadpcm_plugin.dll
plugins\codec\libaes3_plugin.dll
plugins\codec\libaom_plugin.dll
plugins\codec\libaraw_plugin.dll
plugins\codec\libaribsub_plugin.dll
plugins\codec\libavcodec_plugin.dll
plugins\codec\libcc_plugin.dll
plugins\codec\libcdg_plugin.dll
plugins\codec\libcrystalhd_plugin.dll
plugins\codec\libcvdsub_plugin.dll
plugins\codec\libd3d11va_plugin.dll
plugins\codec\libdav1d_plugin.dll
plugins\codec\libdca_plugin.dll
plugins\codec\libddummy_plugin.dll
plugins\codec\libdmo_plugin.dll
plugins\codec\libdvbsub_plugin.dll
plugins\codec\libdxva2_plugin.dll
plugins\codec\libedummy_plugin.dll
plugins\codec\libfaad_plugin.dll
plugins\codec\libflac_plugin.dll
plugins\codec\libfluidsynth_plugin.dll
plugins\codec\libg711_plugin.dll
plugins\codec\libjpeg_plugin.dll
plugins\codec\libkate_plugin.dll
plugins\codec\liblibass_plugin.dll
plugins\codec\liblibmpeg2_plugin.dll
plugins\codec\liblpcm_plugin.dll
plugins\codec\libmft_plugin.dll
plugins\codec\libmpg123_plugin.dll
plugins\codec\liboggspots_plugin.dll
plugins\codec\libopus_plugin.dll
plugins\codec\libpng_plugin.dll
plugins\codec\libqsv_plugin.dll
plugins\codec\librawvideo_plugin.dll
plugins\codec\librtpvideo_plugin.dll
plugins\codec\libschroedinger_plugin.dll
plugins\codec\libscte18_plugin.dll
plugins\codec\libscte27_plugin.dll
plugins\codec\libsdl_image_plugin.dll
plugins\codec\libspdif_plugin.dll
plugins\codec\libspeex_plugin.dll
plugins\codec\libspudec_plugin.dll
plugins\codec\libstl_plugin.dll
plugins\codec\libsubsdec_plugin.dll
plugins\codec\libsubstx3g_plugin.dll
plugins\codec\libsubsusf_plugin.dll
plugins\codec\libsvcdsub_plugin.dll
plugins\codec\libt140_plugin.dll
plugins\codec\libtextst_plugin.dll
plugins\codec\libtheora_plugin.dll
plugins\codec\libttml_plugin.dll
plugins\codec\libtwolame_plugin.dll
plugins\codec\libuleaddvaudio_plugin.dll
plugins\codec\libvorbis_plugin.dll
plugins\codec\libvpx_plugin.dll
plugins\codec\libwebvtt_plugin.dll
plugins\codec\libx26410b_plugin.dll
plugins\codec\libx264_plugin.dll
plugins\codec\libx265_plugin.dll
plugins\codec\libzvbi_plugin.dll
plugins\control\libdummy_plugin.dll
plugins\control\libgestures_plugin.dll
plugins\control\libhotkeys_plugin.dll
plugins\control\libnetsync_plugin.dll
plugins\control\libntservice_plugin.dll
plugins\control\liboldrc_plugin.dll
plugins\control\libwin_hotkeys_plugin.dll
plugins\control\libwin_msg_plugin.dll
plugins\d3d11\libdirect3d11_filters_plugin.dll
plugins\d3d9\libdirect3d9_filters_plugin.dll
plugins\demux\libadaptive_plugin.dll
plugins\demux\libaiff_plugin.dll
plugins\demux\libasf_plugin.dll
plugins\demux\libau_plugin.dll
plugins\demux\libavi_plugin.dll
plugins\demux\libcaf_plugin.dll
plugins\demux\libdemuxdump_plugin.dll
plugins\demux\libdemux_cdg_plugin.dll
plugins\demux\libdemux_chromecast_plugin.dll
plugins\demux\libdemux_stl_plugin.dll
plugins\demux\libdiracsys_plugin.dll
plugins\demux\libdirectory_demux_plugin.dll
plugins\demux\libes_plugin.dll
plugins\demux\libflacsys_plugin.dll
plugins\demux\libgme_plugin.dll
plugins\demux\libh26x_plugin.dll
plugins\demux\libimage_plugin.dll
plugins\demux\libmjpeg_plugin.dll
plugins\demux\libmkv_plugin.dll
plugins\demux\libmod_plugin.dll
plugins\demux\libmp4_plugin.dll
plugins\demux\libmpc_plugin.dll
plugins\demux\libmpgv_plugin.dll
plugins\demux\libnoseek_plugin.dll
plugins\demux\libnsc_plugin.dll
plugins\demux\libnsv_plugin.dll
plugins\demux\libnuv_plugin.dll
plugins\demux\libogg_plugin.dll
plugins\demux\libplaylist_plugin.dll
plugins\demux\libps_plugin.dll
plugins\demux\libpva_plugin.dll
plugins\demux\librawaud_plugin.dll
plugins\demux\librawdv_plugin.dll
plugins\demux\librawvid_plugin.dll
plugins\demux\libreal_plugin.dll
plugins\demux\libsid_plugin.dll
plugins\demux\libsmf_plugin.dll
plugins\demux\libsubtitle_plugin.dll
plugins\demux\libts_plugin.dll
plugins\demux\libtta_plugin.dll
plugins\demux\libty_plugin.dll
plugins\demux\libvc1_plugin.dll
plugins\demux\libvobsub_plugin.dll
plugins\demux\libvoc_plugin.dll
plugins\demux\libwav_plugin.dll
plugins\demux\libxa_plugin.dll
plugins\gui\libqt_plugin.dll
plugins\gui\libskins2_plugin.dll
plugins\keystore\libfile_keystore_plugin.dll
plugins\keystore\libmemory_keystore_plugin.dll
plugins\logger\libconsole_logger_plugin.dll
plugins\logger\libfile_logger_plugin.dll
plugins\lua\liblua_plugin.dll
plugins\meta_engine\libfolder_plugin.dll
plugins\meta_engine\libtaglib_plugin.dll
plugins\misc\libaddonsfsstorage_plugin.dll
plugins\misc\libaddonsvorepository_plugin.dll
plugins\misc\libaudioscrobbler_plugin.dll
plugins\misc\libexport_plugin.dll
plugins\misc\libfingerprinter_plugin.dll
plugins\misc\libgnutls_plugin.dll
plugins\misc\liblogger_plugin.dll
plugins\misc\libstats_plugin.dll
plugins\misc\libvod_rtsp_plugin.dll
plugins\misc\libxml_plugin.dll
plugins\mux\libmux_asf_plugin.dll
plugins\mux\libmux_avi_plugin.dll
plugins\mux\libmux_dummy_plugin.dll
plugins\mux\libmux_mp4_plugin.dll
plugins\mux\libmux_mpjpeg_plugin.dll
plugins\mux\libmux_ogg_plugin.dll
plugins\mux\libmux_ps_plugin.dll
plugins\mux\libmux_ts_plugin.dll
plugins\mux\libmux_wav_plugin.dll
plugins\packetizer\libpacketizer_a52_plugin.dll
plugins\packetizer\libpacketizer_av1_plugin.dll
plugins\packetizer\libpacketizer_copy_plugin.dll
plugins\packetizer\libpacketizer_dirac_plugin.dll
plugins\packetizer\libpacketizer_dts_plugin.dll
plugins\packetizer\libpacketizer_flac_plugin.dll
plugins\packetizer\libpacketizer_h264_plugin.dll
plugins\packetizer\libpacketizer_hevc_plugin.dll
plugins\packetizer\libpacketizer_mlp_plugin.dll
plugins\packetizer\libpacketizer_mpeg4audio_plugin.dll
plugins\packetizer\libpacketizer_mpeg4video_plugin.dll
plugins\packetizer\libpacketizer_mpegaudio_plugin.dll
plugins\packetizer\libpacketizer_mpegvideo_plugin.dll
plugins\packetizer\libpacketizer_vc1_plugin.dll
plugins\services_discovery\libmediadirs_plugin.dll
plugins\services_discovery\libmicrodns_plugin.dll
plugins\services_discovery\libpodcast_plugin.dll
plugins\services_discovery\libsap_plugin.dll
plugins\services_discovery\libupnp_plugin.dll
plugins\services_discovery\libwindrive_plugin.dll
plugins\spu\libaudiobargraph_v_plugin.dll
plugins\spu\liblogo_plugin.dll
plugins\spu\libmarq_plugin.dll
plugins\spu\libmosaic_plugin.dll
plugins\spu\libremoteosd_plugin.dll
plugins\spu\librss_plugin.dll
plugins\spu\libsubsdelay_plugin.dll
plugins\stream_extractor\libarchive_plugin.dll
plugins\stream_filter\libadf_plugin.dll
plugins\stream_filter\libaribcam_plugin.dll
plugins\stream_filter\libcache_block_plugin.dll
plugins\stream_filter\libcache_read_plugin.dll
plugins\stream_filter\libhds_plugin.dll
plugins\stream_filter\libinflate_plugin.dll
plugins\stream_filter\libprefetch_plugin.dll
plugins\stream_filter\librecord_plugin.dll
plugins\stream_filter\libskiptags_plugin.dll
plugins\stream_out\libstream_out_autodel_plugin.dll
plugins\stream_out\libstream_out_bridge_plugin.dll
plugins\stream_out\libstream_out_chromaprint_plugin.dll
plugins\stream_out\libstream_out_chromecast_plugin.dll
plugins\stream_out\libstream_out_cycle_plugin.dll
plugins\stream_out\libstream_out_delay_plugin.dll
plugins\stream_out\libstream_out_description_plugin.dll
plugins\stream_out\libstream_out_display_plugin.dll
plugins\stream_out\libstream_out_dummy_plugin.dll
plugins\stream_out\libstream_out_duplicate_plugin.dll
plugins\stream_out\libstream_out_es_plugin.dll
plugins\stream_out\libstream_out_gather_plugin.dll
plugins\stream_out\libstream_out_mosaic_bridge_plugin.dll
plugins\stream_out\libstream_out_record_plugin.dll
plugins\stream_out\libstream_out_rtp_plugin.dll
plugins\stream_out\libstream_out_setid_plugin.dll
plugins\stream_out\libstream_out_smem_plugin.dll
plugins\stream_out\libstream_out_standard_plugin.dll
plugins\stream_out\libstream_out_stats_plugin.dll
plugins\stream_out\libstream_out_transcode_plugin.dll
plugins\text_renderer\libfreetype_plugin.dll
plugins\text_renderer\libsapi_plugin.dll
plugins\text_renderer\libtdummy_plugin.dll
plugins\video_chroma\libchain_plugin.dll
plugins\video_chroma\libgrey_yuv_plugin.dll
plugins\video_chroma\libi420_10_p010_plugin.dll
plugins\video_chroma\libi420_nv12_plugin.dll
plugins\video_chroma\libi420_rgb_mmx_plugin.dll
plugins\video_chroma\libi420_rgb_plugin.dll
plugins\video_chroma\libi420_rgb_sse2_plugin.dll
plugins\video_chroma\libi420_yuy2_mmx_plugin.dll
plugins\video_chroma\libi420_yuy2_plugin.dll
plugins\video_chroma\libi420_yuy2_sse2_plugin.dll
plugins\video_chroma\libi422_i420_plugin.dll
plugins\video_chroma\libi422_yuy2_mmx_plugin.dll
plugins\video_chroma\libi422_yuy2_plugin.dll
plugins\video_chroma\libi422_yuy2_sse2_plugin.dll
plugins\video_chroma\librv32_plugin.dll
plugins\video_chroma\libswscale_plugin.dll
plugins\video_chroma\libyuvp_plugin.dll
plugins\video_chroma\libyuy2_i420_plugin.dll
plugins\video_chroma\libyuy2_i422_plugin.dll
plugins\video_filter\libadjust_plugin.dll
plugins\video_filter\libalphamask_plugin.dll
plugins\video_filter\libanaglyph_plugin.dll
plugins\video_filter\libantiflicker_plugin.dll
plugins\video_filter\libball_plugin.dll
plugins\video_filter\libblendbench_plugin.dll
plugins\video_filter\libblend_plugin.dll
plugins\video_filter\libbluescreen_plugin.dll
plugins\video_filter\libcanvas_plugin.dll
plugins\video_filter\libcolorthres_plugin.dll
plugins\video_filter\libcroppadd_plugin.dll
plugins\video_filter\libdeinterlace_plugin.dll
plugins\video_filter\libedgedetection_plugin.dll
plugins\video_filter\liberase_plugin.dll
plugins\video_filter\libextract_plugin.dll
plugins\video_filter\libfps_plugin.dll
plugins\video_filter\libfreeze_plugin.dll
plugins\video_filter\libgaussianblur_plugin.dll
plugins\video_filter\libgradfun_plugin.dll
plugins\video_filter\libgradient_plugin.dll
plugins\video_filter\libgrain_plugin.dll
plugins\video_filter\libhqdn3d_plugin.dll
plugins\video_filter\libinvert_plugin.dll
plugins\video_filter\libmagnify_plugin.dll
plugins\video_filter\libmirror_plugin.dll
plugins\video_filter\libmotionblur_plugin.dll
plugins\video_filter\libmotiondetect_plugin.dll
plugins\video_filter\liboldmovie_plugin.dll
plugins\video_filter\libposterize_plugin.dll
plugins\video_filter\libpostproc_plugin.dll
plugins\video_filter\libpsychedelic_plugin.dll
plugins\video_filter\libpuzzle_plugin.dll
plugins\video_filter\libripple_plugin.dll
plugins\video_filter\librotate_plugin.dll
plugins\video_filter\libscale_plugin.dll
plugins\video_filter\libscene_plugin.dll
plugins\video_filter\libsepia_plugin.dll
plugins\video_filter\libsharpen_plugin.dll
plugins\video_filter\libtransform_plugin.dll
plugins\video_filter\libvhs_plugin.dll
plugins\video_filter\libwave_plugin.dll
plugins\video_output\libcaca_plugin.dll
plugins\video_output\libdirect3d11_plugin.dll
plugins\video_output\libdirect3d9_plugin.dll
plugins\video_output\libdirectdraw_plugin.dll
plugins\video_output\libdrawable_plugin.dll
plugins\video_output\libflaschen_plugin.dll
plugins\video_output\libglwin32_plugin.dll
plugins\video_output\libgl_plugin.dll
plugins\video_output\libvdummy_plugin.dll
plugins\video_output\libvmem_plugin.dll
plugins\video_output\libwgl_plugin.dll
plugins\video_output\libwingdi_plugin.dll
plugins\video_output\libwinhibit_plugin.dll
plugins\video_output\libyuv_plugin.dll
plugins\video_splitter\libclone_plugin.dll
plugins\video_splitter\libpanoramix_plugin.dll
plugins\video_splitter\libwall_plugin.dll
plugins\visualization\libglspectrum_plugin.dll
plugins\visualization\libgoom_plugin.dll
plugins\visualization\libprojectm_plugin.dll
plugins\visualization\libvisual_plugin.dll
locale\ach\LC_MESSAGES\vlc.mo
locale\af\LC_MESSAGES\vlc.mo
locale\am\LC_MESSAGES\vlc.mo
locale\am_ET\LC_MESSAGES\vlc.mo
locale\an\LC_MESSAGES\vlc.mo
locale\ar\LC_MESSAGES\vlc.mo
locale\ast\LC_MESSAGES\vlc.mo
locale\as_IN\LC_MESSAGES\vlc.mo
locale\be\LC_MESSAGES\vlc.mo
locale\bg\LC_MESSAGES\vlc.mo
locale\bn\LC_MESSAGES\vlc.mo
locale\bn_IN\LC_MESSAGES\vlc.mo
locale\br\LC_MESSAGES\vlc.mo
locale\brx\LC_MESSAGES\vlc.mo
locale\bs\LC_MESSAGES\vlc.mo
locale\ca\LC_MESSAGES\vlc.mo
locale\ca@valencia\LC_MESSAGES\vlc.mo
locale\cgg\LC_MESSAGES\vlc.mo
locale\co\LC_MESSAGES\vlc.mo
locale\cs\LC_MESSAGES\vlc.mo
locale\cy\LC_MESSAGES\vlc.mo
locale\da\LC_MESSAGES\vlc.mo
locale\de\LC_MESSAGES\vlc.mo
locale\el\LC_MESSAGES\vlc.mo
locale\en_GB\LC_MESSAGES\vlc.mo
locale\es\LC_MESSAGES\vlc.mo
locale\es_MX\LC_MESSAGES\vlc.mo
locale\et\LC_MESSAGES\vlc.mo
locale\eu\LC_MESSAGES\vlc.mo
locale\fa\LC_MESSAGES\vlc.mo
locale\ff\LC_MESSAGES\vlc.mo
locale\fi\LC_MESSAGES\vlc.mo
locale\fr\LC_MESSAGES\vlc.mo
locale\fur\LC_MESSAGES\vlc.mo
locale\fy\LC_MESSAGES\vlc.mo
locale\ga\LC_MESSAGES\vlc.mo
locale\gd\LC_MESSAGES\vlc.mo
locale\gl\LC_MESSAGES\vlc.mo
locale\gu\LC_MESSAGES\vlc.mo
locale\he\LC_MESSAGES\vlc.mo
locale\hi\LC_MESSAGES\vlc.mo
locale\hr\LC_MESSAGES\vlc.mo
locale\hu\LC_MESSAGES\vlc.mo
locale\hy\LC_MESSAGES\vlc.mo
locale\id\LC_MESSAGES\vlc.mo
locale\is\LC_MESSAGES\vlc.mo
locale\it\LC_MESSAGES\vlc.mo
locale\ja\LC_MESSAGES\vlc.mo
locale\ka\LC_MESSAGES\vlc.mo
locale\kab\LC_MESSAGES\vlc.mo
locale\kk\LC_MESSAGES\vlc.mo
locale\km\LC_MESSAGES\vlc.mo
locale\kn\LC_MESSAGES\vlc.mo
locale\ko\LC_MESSAGES\vlc.mo
locale\ks_IN\LC_MESSAGES\vlc.mo
locale\ku_IQ\LC_MESSAGES\vlc.mo
locale\ky\LC_MESSAGES\vlc.mo
locale\lg\LC_MESSAGES\vlc.mo
locale\lt\LC_MESSAGES\vlc.mo
locale\lv\LC_MESSAGES\vlc.mo
locale\mai\LC_MESSAGES\vlc.mo
locale\ml\LC_MESSAGES\vlc.mo
locale\mn\LC_MESSAGES\vlc.mo
locale\mr\LC_MESSAGES\vlc.mo
locale\ms\LC_MESSAGES\vlc.mo
locale\nb\LC_MESSAGES\vlc.mo
locale\ne\LC_MESSAGES\vlc.mo
locale\nl\LC_MESSAGES\vlc.mo
locale\nn\LC_MESSAGES\vlc.mo
locale\oc\LC_MESSAGES\vlc.mo
locale\pa\LC_MESSAGES\vlc.mo
locale\pl\LC_MESSAGES\vlc.mo
locale\ps\LC_MESSAGES\vlc.mo
locale\pt_BR\LC_MESSAGES\vlc.mo
locale\pt_PT\LC_MESSAGES\vlc.mo
locale\ro\LC_MESSAGES\vlc.mo
locale\ru\LC_MESSAGES\vlc.mo
locale\si\LC_MESSAGES\vlc.mo
locale\sk\LC_MESSAGES\vlc.mo
locale\sl\LC_MESSAGES\vlc.mo
locale\sq\LC_MESSAGES\vlc.mo
locale\sr\LC_MESSAGES\vlc.mo
locale\sv\LC_MESSAGES\vlc.mo
locale\ta\LC_MESSAGES\vlc.mo
locale\te\LC_MESSAGES\vlc.mo
locale\th\LC_MESSAGES\vlc.mo
locale\tr\LC_MESSAGES\vlc.mo
locale\tt\LC_MESSAGES\vlc.mo
locale\ug\LC_MESSAGES\vlc.mo
locale\uk\LC_MESSAGES\vlc.mo
locale\uz\LC_MESSAGES\vlc.mo
locale\vi\LC_MESSAGES\vlc.mo
locale\wa\LC_MESSAGES\vlc.mo
locale\zh_CN\LC_MESSAGES\vlc.mo
locale\zh_TW\LC_MESSAGES\vlc.mo
locale\zu\LC_MESSAGES\vlc.mo
hrtfs\dodeca_and_7channel_3DSL_HRTF.sofa
skins\default.vlt
skins\fonts\FreeSans.ttf
skins\fonts\FreeSansBold.ttf
skins\skin.catalog
skins\skin.dtd
skins\winamp2.xml
lua\extensions\VLSub.luac
lua\http\css\main.css
lua\http\css\mobile.css
lua\http\css\ui-lightness\images\ui-bg_diagonals-thick_18_b81900_40x40.png
lua\http\css\ui-lightness\images\ui-bg_diagonals-thick_20_666666_40x40.png
lua\http\css\ui-lightness\images\ui-bg_flat_10_000000_40x100.png
lua\http\css\ui-lightness\images\ui-bg_glass_100_f6f6f6_1x400.png
lua\http\css\ui-lightness\images\ui-bg_glass_100_fdf5ce_1x400.png
lua\http\css\ui-lightness\images\ui-bg_glass_65_ffffff_1x400.png
lua\http\css\ui-lightness\images\ui-bg_gloss-wave_35_f6a828_500x100.png
lua\http\css\ui-lightness\images\ui-bg_highlight-soft_100_eeeeee_1x100.png
lua\http\css\ui-lightness\images\ui-bg_highlight-soft_75_ffe45c_1x100.png
lua\http\css\ui-lightness\images\ui-icons_222222_256x240.png
lua\http\css\ui-lightness\images\ui-icons_228ef1_256x240.png
lua\http\css\ui-lightness\images\ui-icons_ef8c08_256x240.png
lua\http\css\ui-lightness\images\ui-icons_ffd27a_256x240.png
lua\http\css\ui-lightness\images\ui-icons_ffffff_256x240.png
lua\http\css\ui-lightness\jquery-ui-1.8.13.custom.css
lua\http\custom.lua
lua\http\dialogs\batch_window.html
lua\http\dialogs\browse_window.html
lua\http\dialogs\create_stream.html
lua\http\dialogs\equalizer_window.html
lua\http\dialogs\error_window.html
lua\http\dialogs\mosaic_window.html
lua\http\dialogs\offset_window.html
lua\http\dialogs\stream_config_window.html
lua\http\dialogs\stream_window.html
lua\http\favicon.ico
lua\http\images\Audio-48.png
lua\http\images\Back-48.png
lua\http\images\buttons.png
lua\http\images\Folder-48.png
lua\http\images\Other-48.png
lua\http\images\speaker-32.png
lua\http\images\Video-48.png
lua\http\images\vlc-48.png
lua\http\images\vlc16x16.png
lua\http\index.html
lua\http\js\common.js
lua\http\js\controllers.js
lua\http\js\jquery.jstree.js
lua\http\js\ui.js
lua\http\mobile.html
lua\http\mobile_browse.html
lua\http\mobile_equalizer.html
lua\http\mobile_view.html
lua\http\requests\browse.json
lua\http\requests\browse.xml
lua\http\requests\playlist.json
lua\http\requests\playlist.xml
lua\http\requests\playlist_jstree.xml
lua\http\requests\README.txt
lua\http\requests\status.json
lua\http\requests\status.xml
lua\http\requests\vlm.xml
lua\http\requests\vlm_cmd.xml
lua\http\view.html
lua\http\vlm.html
lua\http\vlm_export.html
lua\intf\cli.luac
lua\intf\dummy.luac
lua\intf\dumpmeta.luac
lua\intf\http.luac
lua\intf\luac.luac
lua\intf\modules\host.luac
lua\intf\modules\httprequests.luac
lua\intf\telnet.luac
lua\meta\art\00_musicbrainz.luac
lua\meta\art\01_googleimage.luac
lua\meta\art\02_frenchtv.luac
lua\meta\art\03_lastfm.luac
lua\meta\reader\filename.luac
lua\modules\common.luac
lua\modules\dkjson.luac
lua\modules\sandbox.luac
lua\modules\simplexml.luac
lua\playlist\anevia_streams.luac
lua\playlist\anevia_xml.luac
lua\playlist\appletrailers.luac
lua\playlist\bbc_co_uk.luac
lua\playlist\cue.luac
lua\playlist\dailymotion.luac
lua\playlist\jamendo.luac
lua\playlist\koreus.luac
lua\playlist\liveleak.luac
lua\playlist\newgrounds.luac
lua\playlist\rockbox_fm_presets.luac
lua\playlist\soundcloud.luac
lua\playlist\twitch.luac
lua\playlist\vimeo.luac
lua\playlist\vocaroo.luac
lua\playlist\youtube.luac
lua\sd\icecast.luac
lua\sd\jamendo.luac
plugins\plugins.dat
VideoLAN Website.url
Documentation.url
New_Skins.url
npvlc.dll
axvlc.dll
